<?xml version="1.0" encoding="UTF-8"?>
<!-- Generated by org.testng.reporters.JUnitReportReporter -->
<testsuite hostname="NAG1-LHP-N76169" failures="0" tests="1" name="com.Automation.Test.AmazonAdd2CartTest" time="88.911" errors="0" timestamp="2022-08-17T12:02:26 IST" skipped="0">
  <testcase classname="com.Automation.Test.AmazonAdd2CartTest" name="verifyAddtoCart" time="88.911"/>
  <system-out/>
</testsuite> <!-- com.Automation.Test.AmazonAdd2CartTest -->
