<?xml version="1.0" encoding="UTF-8"?>
<!-- Generated by org.testng.reporters.JUnitReportReporter -->
<testsuite hostname="NAG1-LHP-N76169" failures="0" tests="1" name="com.Automation.Test.AmazonLoginTest" time="12.116" errors="0" timestamp="2022-08-17T10:48:53 IST" skipped="0">
  <testcase classname="com.Automation.Test.AmazonLoginTest" name="VerifysuccessfulLogin" time="12.116"/>
  <system-out/>
</testsuite> <!-- com.Automation.Test.AmazonLoginTest -->
