<?xml version="1.0" encoding="UTF-8"?>
<!-- Generated by org.testng.reporters.JUnitReportReporter -->
<testsuite hostname="NAG1-LHP-N76169" failures="0" tests="1" name="com.Automation.Test.Goibibo1stTest" time="9.653" errors="0" timestamp="2022-08-17T13:52:47 IST" skipped="0">
  <testcase classname="com.Automation.Test.Goibibo1stTest" name="VerifyClick" time="9.653"/>
  <system-out/>
</testsuite> <!-- com.Automation.Test.Goibibo1stTest -->
