<?xml version="1.0" encoding="UTF-8"?>
<!-- Generated by org.testng.reporters.JUnitReportReporter -->
<testsuite hostname="NAG1-LHP-N76169" failures="0" tests="1" name="com.Automation.Test.AmazonSearchTest" time="73.734" errors="0" timestamp="2022-08-17T11:15:33 IST" skipped="0">
  <testcase classname="com.Automation.Test.AmazonSearchTest" name="VerifySearch" time="73.734"/>
  <system-out/>
</testsuite> <!-- com.Automation.Test.AmazonSearchTest -->
