<?xml version="1.0" encoding="UTF-8"?>
<!-- Generated by org.testng.reporters.JUnitReportReporter -->
<testsuite hostname="NAG1-LHP-N76169" failures="0" tests="1" name="com.Automation.Test.TripSearchTest" time="47.013" errors="0" timestamp="2022-08-17T15:08:46 IST" skipped="0">
  <testcase classname="com.Automation.Test.TripSearchTest" name="VerifySearch" time="47.013"/>
  <system-out/>
</testsuite> <!-- com.Automation.Test.TripSearchTest -->
