<?xml version="1.0" encoding="UTF-8"?>
<!-- Generated by org.testng.reporters.JUnitReportReporter -->
<testsuite hostname="NAG1-LHP-N76169" failures="0" tests="1" name="com.Automation.Test.AmazonBuyTest" time="146.818" errors="0" timestamp="2022-08-17T12:24:50 IST" skipped="0">
  <testcase classname="com.Automation.Test.AmazonBuyTest" name="VerifyBuy" time="146.818"/>
  <system-out/>
</testsuite> <!-- com.Automation.Test.AmazonBuyTest -->
